Arguments: 
  /Users/wangyuan/.nvm/versions/node/v14.16.0/bin/node /usr/local/Cellar/yarn/1.22.11/libexec/bin/yarn.js add typescript rollup rollup-plugin-typescript2 @rollup/plugin-node-resolvue @rollup/plugin-json execa --ignore-workspace-root-check

PATH: 
  /Users/wangyuan/.nvm/versions/node/v14.16.0/bin:/usr/local/bin:/usr/bin:/bin:/usr/sbin:/sbin:/Users/wangyuan/.nvm/versions/node/v14.16.0/bin:/usr/local/sbin

Yarn version: 
  1.22.11

Node version: 
  14.16.0

Platform: 
  darwin x64

Trace: 
  Error: https://registry.npmjs.org/@rollup%2fplugin-node-resolvue: Not found
      at Request.params.callback [as _callback] (/usr/local/Cellar/yarn/1.22.11/libexec/lib/cli.js:66992:18)
      at Request.self.callback (/usr/local/Cellar/yarn/1.22.11/libexec/lib/cli.js:140763:22)
      at Request.emit (events.js:315:20)
      at Request.<anonymous> (/usr/local/Cellar/yarn/1.22.11/libexec/lib/cli.js:141735:10)
      at Request.emit (events.js:315:20)
      at IncomingMessage.<anonymous> (/usr/local/Cellar/yarn/1.22.11/libexec/lib/cli.js:141657:12)
      at Object.onceWrapper (events.js:421:28)
      at IncomingMessage.emit (events.js:327:22)
      at endReadableNT (internal/streams/readable.js:1327:12)
      at processTicksAndRejections (internal/process/task_queues.js:80:21)

npm manifest: 
  {
    "private": true,
    "workspaces": [
      "packages/*"
    ],
    "name": "zhufengjiagou",
    "version": "1.0.0",
    "main": "index.js",
    "license": "MIT",
    "dependencies": {
      "typescript": "^4.5.5"
    }
  }

yarn manifest: 
  No manifest

Lockfile: 
  # THIS IS AN AUTOGENERATED FILE. DO NOT EDIT THIS FILE DIRECTLY.
  # yarn lockfile v1
  
  
  typescript@^4.5.5:
    version "4.5.5"
    resolved "https://registry.yarnpkg.com/typescript/-/typescript-4.5.5.tgz#d8c953832d28924a9e3d37c73d729c846c5896f3"
    integrity sha512-TCTIul70LyWe6IJWT8QSYeA54WQe8EjQFU4wY52Fasj5UKx88LNYKCgBEHcOMOrFF1rKGbD8v/xcNWVUq9SymA==
